TN:
SF:src/validation.ts
FN:436,validateForm
FN:443,addError
FN:447,addAsyncError
FN:451,validateValue
FN:481,validateString
FN:503,validateNumber
FN:514,validateArray
FN:519,(anonymous_7)
FN:527,validateObject
FN:537,validateDiscriminatedUnion
FN:546,validateAsync
FN:572,(anonymous_11)
FN:583,(anonymous_12)
FN:594,(anonymous_13)
FNF:14
FNH:10
FNDA:20,validateForm
FNDA:26,addError
FNDA:0,addAsyncError
FNDA:235,validateValue
FNDA:116,validateString
FNDA:19,validateNumber
FNDA:0,validateArray
FNDA:0,(anonymous_7)
FNDA:79,validateObject
FNDA:20,validateDiscriminatedUnion
FNDA:0,validateAsync
FNDA:18,(anonymous_11)
FNDA:19,(anonymous_12)
FNDA:20,(anonymous_13)
DA:436,1
DA:440,20
DA:441,20
DA:444,26
DA:448,0
DA:452,235
DA:453,1
DA:454,1
DA:456,234
DA:458,234
DA:459,116
DA:460,19
DA:462,0
DA:463,0
DA:464,0
DA:465,79
DA:466,20
DA:467,0
DA:470,234
DA:471,57
DA:472,57
DA:473,57
DA:474,56
DA:476,1
DA:482,116
DA:483,115
DA:484,2
DA:485,115
DA:486,0
DA:487,115
DA:488,0
DA:489,115
DA:490,7
DA:491,115
DA:492,0
DA:493,115
DA:494,0
DA:495,115
DA:496,0
DA:497,115
DA:498,0
DA:499,115
DA:500,0
DA:504,19
DA:505,18
DA:506,18
DA:507,18
DA:508,18
DA:509,18
DA:510,18
DA:511,0
DA:515,0
DA:516,0
DA:517,0
DA:518,0
DA:519,0
DA:520,0
DA:522,0
DA:523,0
DA:528,79
DA:529,1
DA:530,1
DA:532,78
DA:533,196
DA:538,20
DA:539,20
DA:540,40
DA:541,20
DA:542,20
DA:543,19
DA:547,0
DA:548,0
DA:549,0
DA:553,20
DA:555,20
DA:563,1
DA:572,18
DA:583,19
DA:594,20
LF:79
LH:55
BRDA:452,0,0,1
BRDA:452,0,1,234
BRDA:452,1,0,235
BRDA:452,1,1,117
BRDA:452,1,2,116
BRDA:453,2,0,1
BRDA:453,2,1,0
BRDA:456,3,0,0
BRDA:456,3,1,234
BRDA:456,4,0,234
BRDA:456,4,1,0
BRDA:458,5,0,116
BRDA:458,5,1,19
BRDA:458,5,2,0
BRDA:458,5,3,0
BRDA:458,5,4,79
BRDA:458,5,5,20
BRDA:458,5,6,0
BRDA:462,6,0,0
BRDA:462,6,1,0
BRDA:470,7,0,57
BRDA:470,7,1,177
BRDA:474,8,0,9
BRDA:474,8,1,47
BRDA:476,9,0,1
BRDA:476,9,1,0
BRDA:482,10,0,1
BRDA:482,10,1,115
BRDA:483,11,0,2
BRDA:483,11,1,113
BRDA:483,12,0,115
BRDA:483,12,1,56
BRDA:484,13,0,2
BRDA:484,13,1,1
BRDA:484,14,0,1
BRDA:484,14,1,1
BRDA:484,15,0,2
BRDA:484,15,1,2
BRDA:485,16,0,0
BRDA:485,16,1,115
BRDA:485,17,0,115
BRDA:485,17,1,0
BRDA:486,18,0,0
BRDA:486,18,1,0
BRDA:486,19,0,0
BRDA:486,19,1,0
BRDA:486,20,0,0
BRDA:486,20,1,0
BRDA:487,21,0,0
BRDA:487,21,1,115
BRDA:487,22,0,115
BRDA:487,22,1,0
BRDA:488,23,0,0
BRDA:488,23,1,0
BRDA:488,24,0,0
BRDA:488,24,1,0
BRDA:488,25,0,0
BRDA:488,25,1,0
BRDA:489,26,0,7
BRDA:489,26,1,108
BRDA:489,27,0,115
BRDA:489,27,1,19
BRDA:490,28,0,7
BRDA:490,28,1,7
BRDA:490,29,0,7
BRDA:490,29,1,0
BRDA:490,30,0,7
BRDA:490,30,1,7
BRDA:491,31,0,0
BRDA:491,31,1,115
BRDA:491,32,0,115
BRDA:491,32,1,0
BRDA:492,33,0,0
BRDA:492,33,1,0
BRDA:492,34,0,0
BRDA:492,34,1,0
BRDA:492,35,0,0
BRDA:492,35,1,0
BRDA:493,36,0,0
BRDA:493,36,1,115
BRDA:493,37,0,115
BRDA:493,37,1,0
BRDA:494,38,0,0
BRDA:494,38,1,0
BRDA:494,39,0,0
BRDA:494,39,1,0
BRDA:494,40,0,0
BRDA:494,40,1,0
BRDA:495,41,0,0
BRDA:495,41,1,115
BRDA:495,42,0,115
BRDA:495,42,1,0
BRDA:496,43,0,0
BRDA:496,43,1,0
BRDA:496,44,0,0
BRDA:496,44,1,0
BRDA:496,45,0,0
BRDA:496,45,1,0
BRDA:497,46,0,0
BRDA:497,46,1,115
BRDA:497,47,0,115
BRDA:497,47,1,0
BRDA:498,48,0,0
BRDA:498,48,1,0
BRDA:498,49,0,0
BRDA:498,49,1,0
BRDA:498,50,0,0
BRDA:498,50,1,0
BRDA:499,51,0,0
BRDA:499,51,1,115
BRDA:499,52,0,115
BRDA:499,52,1,0
BRDA:500,53,0,0
BRDA:500,53,1,0
BRDA:500,54,0,0
BRDA:500,54,1,0
BRDA:500,55,0,0
BRDA:500,55,1,0
BRDA:504,56,0,1
BRDA:504,56,1,18
BRDA:504,57,0,19
BRDA:504,57,1,18
BRDA:505,58,0,2
BRDA:505,58,1,16
BRDA:505,59,0,18
BRDA:505,59,1,18
BRDA:506,60,0,0
BRDA:506,60,1,18
BRDA:506,61,0,18
BRDA:506,61,1,0
BRDA:507,62,0,0
BRDA:507,62,1,18
BRDA:507,63,0,18
BRDA:507,63,1,0
BRDA:508,64,0,0
BRDA:508,64,1,18
BRDA:508,65,0,18
BRDA:508,65,1,0
BRDA:509,66,0,0
BRDA:509,66,1,18
BRDA:509,67,0,18
BRDA:509,67,1,0
BRDA:510,68,0,0
BRDA:510,68,1,18
BRDA:510,69,0,18
BRDA:510,69,1,0
BRDA:515,70,0,0
BRDA:515,70,1,0
BRDA:516,71,0,0
BRDA:516,71,1,0
BRDA:516,72,0,0
BRDA:516,72,1,0
BRDA:517,73,0,0
BRDA:517,73,1,0
BRDA:517,74,0,0
BRDA:517,74,1,0
BRDA:518,75,0,0
BRDA:518,75,1,0
BRDA:520,76,0,0
BRDA:520,76,1,0
BRDA:528,77,0,1
BRDA:528,77,1,78
BRDA:528,78,0,79
BRDA:528,78,1,79
BRDA:528,78,2,78
BRDA:533,79,0,136
BRDA:533,79,1,60
BRDA:540,80,0,0
BRDA:540,80,1,40
BRDA:540,81,0,40
BRDA:540,81,1,40
BRDA:542,82,0,1
BRDA:542,82,1,19
BRDA:547,83,0,0
BRDA:547,83,1,0
BRDA:549,84,0,0
BRDA:549,84,1,0
BRDA:556,85,0,20
BRDA:556,85,1,2
BRDA:558,86,0,0
BRDA:558,86,1,20
BRDA:572,87,0,16
BRDA:572,87,1,1
BRDA:583,88,0,12
BRDA:583,88,1,7
BRDA:594,89,0,19
BRDA:594,89,1,1
BRF:187
BRH:91
end_of_record
